<?xml version="1.0" encoding="UTF-8"?>
<testsuite xmlns:xsi="http://www.w3.org/2001/XMLSchema-instance" xsi:noNamespaceSchemaLocation="https://maven.apache.org/surefire/maven-surefire-plugin/xsd/surefire-test-report.xsd" name="in.bank.configserver.ConfigserverApplicationTests" time="6.306" tests="1" errors="0" skipped="0" failures="0">
  <properties>
    <property name="java.specification.version" value="17"/>
    <property name="sun.jnu.encoding" value="UTF-8"/>
    <property name="java.class.path" value="/Users/abhishek/Downloads/configserver/target/test-classes:/Users/abhishek/Downloads/configserver/target/classes:/Users/abhishek/.m2/repository/org/springframework/boot/spring-boot-starter-actuator/2.7.9/spring-boot-starter-actuator-2.7.9.jar:/Users/abhishek/.m2/repository/org/springframework/boot/spring-boot-starter/2.7.9/spring-boot-starter-2.7.9.jar:/Users/abhishek/.m2/repository/org/springframework/boot/spring-boot/2.7.9/spring-boot-2.7.9.jar:/Users/abhishek/.m2/repository/org/springframework/boot/spring-boot-autoconfigure/2.7.9/spring-boot-autoconfigure-2.7.9.jar:/Users/abhishek/.m2/repository/org/springframework/boot/spring-boot-starter-logging/2.7.9/spring-boot-starter-logging-2.7.9.jar:/Users/abhishek/.m2/repository/ch/qos/logback/logback-classic/1.2.11/logback-classic-1.2.11.jar:/Users/abhishek/.m2/repository/ch/qos/logback/logback-core/1.2.11/logback-core-1.2.11.jar:/Users/abhishek/.m2/repository/org/apache/logging/log4j/log4j-to-slf4j/2.17.2/log4j-to-slf4j-2.17.2.jar:/Users/abhishek/.m2/repository/org/apache/logging/log4j/log4j-api/2.17.2/log4j-api-2.17.2.jar:/Users/abhishek/.m2/repository/org/slf4j/jul-to-slf4j/1.7.36/jul-to-slf4j-1.7.36.jar:/Users/abhishek/.m2/repository/jakarta/annotation/jakarta.annotation-api/1.3.5/jakarta.annotation-api-1.3.5.jar:/Users/abhishek/.m2/repository/org/springframework/boot/spring-boot-actuator-autoconfigure/2.7.9/spring-boot-actuator-autoconfigure-2.7.9.jar:/Users/abhishek/.m2/repository/org/springframework/boot/spring-boot-actuator/2.7.9/spring-boot-actuator-2.7.9.jar:/Users/abhishek/.m2/repository/com/fasterxml/jackson/core/jackson-databind/2.13.5/jackson-databind-2.13.5.jar:/Users/abhishek/.m2/repository/com/fasterxml/jackson/datatype/jackson-datatype-jsr310/2.13.5/jackson-datatype-jsr310-2.13.5.jar:/Users/abhishek/.m2/repository/io/micrometer/micrometer-core/1.9.8/micrometer-core-1.9.8.jar:/Users/abhishek/.m2/repository/org/hdrhistogram/HdrHistogram/2.1.12/HdrHistogram-2.1.12.jar:/Users/abhishek/.m2/repository/org/latencyutils/LatencyUtils/2.0.3/LatencyUtils-2.0.3.jar:/Users/abhishek/.m2/repository/org/springframework/boot/spring-boot-starter-web/2.7.9/spring-boot-starter-web-2.7.9.jar:/Users/abhishek/.m2/repository/org/springframework/boot/spring-boot-starter-json/2.7.9/spring-boot-starter-json-2.7.9.jar:/Users/abhishek/.m2/repository/com/fasterxml/jackson/datatype/jackson-datatype-jdk8/2.13.5/jackson-datatype-jdk8-2.13.5.jar:/Users/abhishek/.m2/repository/com/fasterxml/jackson/module/jackson-module-parameter-names/2.13.5/jackson-module-parameter-names-2.13.5.jar:/Users/abhishek/.m2/repository/org/springframework/boot/spring-boot-starter-tomcat/2.7.9/spring-boot-starter-tomcat-2.7.9.jar:/Users/abhishek/.m2/repository/org/apache/tomcat/embed/tomcat-embed-core/9.0.71/tomcat-embed-core-9.0.71.jar:/Users/abhishek/.m2/repository/org/apache/tomcat/embed/tomcat-embed-el/9.0.71/tomcat-embed-el-9.0.71.jar:/Users/abhishek/.m2/repository/org/apache/tomcat/embed/tomcat-embed-websocket/9.0.71/tomcat-embed-websocket-9.0.71.jar:/Users/abhishek/.m2/repository/org/springframework/spring-web/5.3.25/spring-web-5.3.25.jar:/Users/abhishek/.m2/repository/org/springframework/spring-beans/5.3.25/spring-beans-5.3.25.jar:/Users/abhishek/.m2/repository/org/springframework/spring-webmvc/5.3.25/spring-webmvc-5.3.25.jar:/Users/abhishek/.m2/repository/org/springframework/spring-aop/5.3.25/spring-aop-5.3.25.jar:/Users/abhishek/.m2/repository/org/springframework/spring-context/5.3.25/spring-context-5.3.25.jar:/Users/abhishek/.m2/repository/org/springframework/spring-expression/5.3.25/spring-expression-5.3.25.jar:/Users/abhishek/.m2/repository/org/springframework/cloud/spring-cloud-config-server/3.1.6/spring-cloud-config-server-3.1.6.jar:/Users/abhishek/.m2/repository/org/springframework/cloud/spring-cloud-config-client/3.1.6/spring-cloud-config-client-3.1.6.jar:/Users/abhishek/.m2/repository/org/springframework/cloud/spring-cloud-commons/3.1.6/spring-cloud-commons-3.1.6.jar:/Users/abhishek/.m2/repository/org/springframework/cloud/spring-cloud-context/3.1.6/spring-cloud-context-3.1.6.jar:/Users/abhishek/.m2/repository/com/fasterxml/jackson/core/jackson-annotations/2.13.5/jackson-annotations-2.13.5.jar:/Users/abhishek/.m2/repository/org/apache/httpcomponents/httpclient/4.5.14/httpclient-4.5.14.jar:/Users/abhishek/.m2/repository/commons-codec/commons-codec/1.15/commons-codec-1.15.jar:/Users/abhishek/.m2/repository/org/springframework/boot/spring-boot-starter-validation/2.7.9/spring-boot-starter-validation-2.7.9.jar:/Users/abhishek/.m2/repository/org/hibernate/validator/hibernate-validator/6.2.5.Final/hibernate-validator-6.2.5.Final.jar:/Users/abhishek/.m2/repository/jakarta/validation/jakarta.validation-api/2.0.2/jakarta.validation-api-2.0.2.jar:/Users/abhishek/.m2/repository/org/jboss/logging/jboss-logging/3.4.3.Final/jboss-logging-3.4.3.Final.jar:/Users/abhishek/.m2/repository/com/fasterxml/classmate/1.5.1/classmate-1.5.1.jar:/Users/abhishek/.m2/repository/org/springframework/security/spring-security-crypto/5.7.7/spring-security-crypto-5.7.7.jar:/Users/abhishek/.m2/repository/org/springframework/security/spring-security-rsa/1.0.11.RELEASE/spring-security-rsa-1.0.11.RELEASE.jar:/Users/abhishek/.m2/repository/org/bouncycastle/bcpkix-jdk15on/1.69/bcpkix-jdk15on-1.69.jar:/Users/abhishek/.m2/repository/org/bouncycastle/bcprov-jdk15on/1.69/bcprov-jdk15on-1.69.jar:/Users/abhishek/.m2/repository/org/bouncycastle/bcutil-jdk15on/1.69/bcutil-jdk15on-1.69.jar:/Users/abhishek/.m2/repository/org/eclipse/jgit/org.eclipse.jgit/5.13.1.202206130422-r/org.eclipse.jgit-5.13.1.202206130422-r.jar:/Users/abhishek/.m2/repository/com/googlecode/javaewah/JavaEWAH/1.1.13/JavaEWAH-1.1.13.jar:/Users/abhishek/.m2/repository/org/slf4j/slf4j-api/1.7.36/slf4j-api-1.7.36.jar:/Users/abhishek/.m2/repository/org/eclipse/jgit/org.eclipse.jgit.http.apache/5.13.1.202206130422-r/org.eclipse.jgit.http.apache-5.13.1.202206130422-r.jar:/Users/abhishek/.m2/repository/org/apache/httpcomponents/httpcore/4.4.16/httpcore-4.4.16.jar:/Users/abhishek/.m2/repository/org/eclipse/jgit/org.eclipse.jgit.ssh.apache/5.13.1.202206130422-r/org.eclipse.jgit.ssh.apache-5.13.1.202206130422-r.jar:/Users/abhishek/.m2/repository/org/apache/sshd/sshd-osgi/2.7.0/sshd-osgi-2.7.0.jar:/Users/abhishek/.m2/repository/org/slf4j/jcl-over-slf4j/1.7.36/jcl-over-slf4j-1.7.36.jar:/Users/abhishek/.m2/repository/org/apache/sshd/sshd-sftp/2.7.0/sshd-sftp-2.7.0.jar:/Users/abhishek/.m2/repository/org/apache/sshd/sshd-core/2.7.0/sshd-core-2.7.0.jar:/Users/abhishek/.m2/repository/org/apache/sshd/sshd-common/2.7.0/sshd-common-2.7.0.jar:/Users/abhishek/.m2/repository/net/i2p/crypto/eddsa/0.3.0/eddsa-0.3.0.jar:/Users/abhishek/.m2/repository/org/yaml/snakeyaml/1.30/snakeyaml-1.30.jar:/Users/abhishek/.m2/repository/com/fasterxml/jackson/dataformat/jackson-dataformat-yaml/2.13.5/jackson-dataformat-yaml-2.13.5.jar:/Users/abhishek/.m2/repository/com/fasterxml/jackson/core/jackson-core/2.13.5/jackson-core-2.13.5.jar:/Users/abhishek/.m2/repository/org/springframework/boot/spring-boot-starter-test/2.7.9/spring-boot-starter-test-2.7.9.jar:/Users/abhishek/.m2/repository/org/springframework/boot/spring-boot-test/2.7.9/spring-boot-test-2.7.9.jar:/Users/abhishek/.m2/repository/org/springframework/boot/spring-boot-test-autoconfigure/2.7.9/spring-boot-test-autoconfigure-2.7.9.jar:/Users/abhishek/.m2/repository/com/jayway/jsonpath/json-path/2.7.0/json-path-2.7.0.jar:/Users/abhishek/.m2/repository/net/minidev/json-smart/2.4.8/json-smart-2.4.8.jar:/Users/abhishek/.m2/repository/net/minidev/accessors-smart/2.4.8/accessors-smart-2.4.8.jar:/Users/abhishek/.m2/repository/org/ow2/asm/asm/9.1/asm-9.1.jar:/Users/abhishek/.m2/repository/jakarta/xml/bind/jakarta.xml.bind-api/2.3.3/jakarta.xml.bind-api-2.3.3.jar:/Users/abhishek/.m2/repository/jakarta/activation/jakarta.activation-api/1.2.2/jakarta.activation-api-1.2.2.jar:/Users/abhishek/.m2/repository/org/assertj/assertj-core/3.22.0/assertj-core-3.22.0.jar:/Users/abhishek/.m2/repository/org/hamcrest/hamcrest/2.2/hamcrest-2.2.jar:/Users/abhishek/.m2/repository/org/junit/jupiter/junit-jupiter/5.8.2/junit-jupiter-5.8.2.jar:/Users/abhishek/.m2/repository/org/junit/jupiter/junit-jupiter-api/5.8.2/junit-jupiter-api-5.8.2.jar:/Users/abhishek/.m2/repository/org/opentest4j/opentest4j/1.2.0/opentest4j-1.2.0.jar:/Users/abhishek/.m2/repository/org/junit/platform/junit-platform-commons/1.8.2/junit-platform-commons-1.8.2.jar:/Users/abhishek/.m2/repository/org/apiguardian/apiguardian-api/1.1.2/apiguardian-api-1.1.2.jar:/Users/abhishek/.m2/repository/org/junit/jupiter/junit-jupiter-params/5.8.2/junit-jupiter-params-5.8.2.jar:/Users/abhishek/.m2/repository/org/junit/jupiter/junit-jupiter-engine/5.8.2/junit-jupiter-engine-5.8.2.jar:/Users/abhishek/.m2/repository/org/junit/platform/junit-platform-engine/1.8.2/junit-platform-engine-1.8.2.jar:/Users/abhishek/.m2/repository/org/mockito/mockito-core/4.5.1/mockito-core-4.5.1.jar:/Users/abhishek/.m2/repository/net/bytebuddy/byte-buddy/1.12.23/byte-buddy-1.12.23.jar:/Users/abhishek/.m2/repository/net/bytebuddy/byte-buddy-agent/1.12.23/byte-buddy-agent-1.12.23.jar:/Users/abhishek/.m2/repository/org/objenesis/objenesis/3.2/objenesis-3.2.jar:/Users/abhishek/.m2/repository/org/mockito/mockito-junit-jupiter/4.5.1/mockito-junit-jupiter-4.5.1.jar:/Users/abhishek/.m2/repository/org/skyscreamer/jsonassert/1.5.1/jsonassert-1.5.1.jar:/Users/abhishek/.m2/repository/com/vaadin/external/google/android-json/0.0.20131108.vaadin1/android-json-0.0.20131108.vaadin1.jar:/Users/abhishek/.m2/repository/org/springframework/spring-core/5.3.25/spring-core-5.3.25.jar:/Users/abhishek/.m2/repository/org/springframework/spring-jcl/5.3.25/spring-jcl-5.3.25.jar:/Users/abhishek/.m2/repository/org/springframework/spring-test/5.3.25/spring-test-5.3.25.jar:/Users/abhishek/.m2/repository/org/xmlunit/xmlunit-core/2.9.1/xmlunit-core-2.9.1.jar:"/>
    <property name="java.vm.vendor" value="Eclipse Adoptium"/>
    <property name="sun.arch.data.model" value="64"/>
    <property name="java.vendor.url" value="https://adoptium.net/"/>
    <property name="os.name" value="Mac OS X"/>
    <property name="java.vm.specification.version" value="17"/>
    <property name="sun.java.launcher" value="SUN_STANDARD"/>
    <property name="user.country" value="IN"/>
    <property name="sun.boot.library.path" value="/Users/abhishek/.p2/pool/plugins/org.eclipse.justj.openjdk.hotspot.jre.full.macosx.x86_64_17.0.6.v20230204-1729/jre/lib"/>
    <property name="sun.java.command" value="/Users/abhishek/Downloads/configserver/target/surefire/surefirebooter8056701400879767225.jar /Users/abhishek/Downloads/configserver/target/surefire 2023-03-19T05-04-34_604-jvmRun1 surefire13728609176274273541tmp surefire_08658569526294376576tmp"/>
    <property name="http.nonProxyHosts" value="local|*.local|169.254/16|*.169.254/16"/>
    <property name="jdk.debug" value="release"/>
    <property name="surefire.test.class.path" value="/Users/abhishek/Downloads/configserver/target/test-classes:/Users/abhishek/Downloads/configserver/target/classes:/Users/abhishek/.m2/repository/org/springframework/boot/spring-boot-starter-actuator/2.7.9/spring-boot-starter-actuator-2.7.9.jar:/Users/abhishek/.m2/repository/org/springframework/boot/spring-boot-starter/2.7.9/spring-boot-starter-2.7.9.jar:/Users/abhishek/.m2/repository/org/springframework/boot/spring-boot/2.7.9/spring-boot-2.7.9.jar:/Users/abhishek/.m2/repository/org/springframework/boot/spring-boot-autoconfigure/2.7.9/spring-boot-autoconfigure-2.7.9.jar:/Users/abhishek/.m2/repository/org/springframework/boot/spring-boot-starter-logging/2.7.9/spring-boot-starter-logging-2.7.9.jar:/Users/abhishek/.m2/repository/ch/qos/logback/logback-classic/1.2.11/logback-classic-1.2.11.jar:/Users/abhishek/.m2/repository/ch/qos/logback/logback-core/1.2.11/logback-core-1.2.11.jar:/Users/abhishek/.m2/repository/org/apache/logging/log4j/log4j-to-slf4j/2.17.2/log4j-to-slf4j-2.17.2.jar:/Users/abhishek/.m2/repository/org/apache/logging/log4j/log4j-api/2.17.2/log4j-api-2.17.2.jar:/Users/abhishek/.m2/repository/org/slf4j/jul-to-slf4j/1.7.36/jul-to-slf4j-1.7.36.jar:/Users/abhishek/.m2/repository/jakarta/annotation/jakarta.annotation-api/1.3.5/jakarta.annotation-api-1.3.5.jar:/Users/abhishek/.m2/repository/org/springframework/boot/spring-boot-actuator-autoconfigure/2.7.9/spring-boot-actuator-autoconfigure-2.7.9.jar:/Users/abhishek/.m2/repository/org/springframework/boot/spring-boot-actuator/2.7.9/spring-boot-actuator-2.7.9.jar:/Users/abhishek/.m2/repository/com/fasterxml/jackson/core/jackson-databind/2.13.5/jackson-databind-2.13.5.jar:/Users/abhishek/.m2/repository/com/fasterxml/jackson/datatype/jackson-datatype-jsr310/2.13.5/jackson-datatype-jsr310-2.13.5.jar:/Users/abhishek/.m2/repository/io/micrometer/micrometer-core/1.9.8/micrometer-core-1.9.8.jar:/Users/abhishek/.m2/repository/org/hdrhistogram/HdrHistogram/2.1.12/HdrHistogram-2.1.12.jar:/Users/abhishek/.m2/repository/org/latencyutils/LatencyUtils/2.0.3/LatencyUtils-2.0.3.jar:/Users/abhishek/.m2/repository/org/springframework/boot/spring-boot-starter-web/2.7.9/spring-boot-starter-web-2.7.9.jar:/Users/abhishek/.m2/repository/org/springframework/boot/spring-boot-starter-json/2.7.9/spring-boot-starter-json-2.7.9.jar:/Users/abhishek/.m2/repository/com/fasterxml/jackson/datatype/jackson-datatype-jdk8/2.13.5/jackson-datatype-jdk8-2.13.5.jar:/Users/abhishek/.m2/repository/com/fasterxml/jackson/module/jackson-module-parameter-names/2.13.5/jackson-module-parameter-names-2.13.5.jar:/Users/abhishek/.m2/repository/org/springframework/boot/spring-boot-starter-tomcat/2.7.9/spring-boot-starter-tomcat-2.7.9.jar:/Users/abhishek/.m2/repository/org/apache/tomcat/embed/tomcat-embed-core/9.0.71/tomcat-embed-core-9.0.71.jar:/Users/abhishek/.m2/repository/org/apache/tomcat/embed/tomcat-embed-el/9.0.71/tomcat-embed-el-9.0.71.jar:/Users/abhishek/.m2/repository/org/apache/tomcat/embed/tomcat-embed-websocket/9.0.71/tomcat-embed-websocket-9.0.71.jar:/Users/abhishek/.m2/repository/org/springframework/spring-web/5.3.25/spring-web-5.3.25.jar:/Users/abhishek/.m2/repository/org/springframework/spring-beans/5.3.25/spring-beans-5.3.25.jar:/Users/abhishek/.m2/repository/org/springframework/spring-webmvc/5.3.25/spring-webmvc-5.3.25.jar:/Users/abhishek/.m2/repository/org/springframework/spring-aop/5.3.25/spring-aop-5.3.25.jar:/Users/abhishek/.m2/repository/org/springframework/spring-context/5.3.25/spring-context-5.3.25.jar:/Users/abhishek/.m2/repository/org/springframework/spring-expression/5.3.25/spring-expression-5.3.25.jar:/Users/abhishek/.m2/repository/org/springframework/cloud/spring-cloud-config-server/3.1.6/spring-cloud-config-server-3.1.6.jar:/Users/abhishek/.m2/repository/org/springframework/cloud/spring-cloud-config-client/3.1.6/spring-cloud-config-client-3.1.6.jar:/Users/abhishek/.m2/repository/org/springframework/cloud/spring-cloud-commons/3.1.6/spring-cloud-commons-3.1.6.jar:/Users/abhishek/.m2/repository/org/springframework/cloud/spring-cloud-context/3.1.6/spring-cloud-context-3.1.6.jar:/Users/abhishek/.m2/repository/com/fasterxml/jackson/core/jackson-annotations/2.13.5/jackson-annotations-2.13.5.jar:/Users/abhishek/.m2/repository/org/apache/httpcomponents/httpclient/4.5.14/httpclient-4.5.14.jar:/Users/abhishek/.m2/repository/commons-codec/commons-codec/1.15/commons-codec-1.15.jar:/Users/abhishek/.m2/repository/org/springframework/boot/spring-boot-starter-validation/2.7.9/spring-boot-starter-validation-2.7.9.jar:/Users/abhishek/.m2/repository/org/hibernate/validator/hibernate-validator/6.2.5.Final/hibernate-validator-6.2.5.Final.jar:/Users/abhishek/.m2/repository/jakarta/validation/jakarta.validation-api/2.0.2/jakarta.validation-api-2.0.2.jar:/Users/abhishek/.m2/repository/org/jboss/logging/jboss-logging/3.4.3.Final/jboss-logging-3.4.3.Final.jar:/Users/abhishek/.m2/repository/com/fasterxml/classmate/1.5.1/classmate-1.5.1.jar:/Users/abhishek/.m2/repository/org/springframework/security/spring-security-crypto/5.7.7/spring-security-crypto-5.7.7.jar:/Users/abhishek/.m2/repository/org/springframework/security/spring-security-rsa/1.0.11.RELEASE/spring-security-rsa-1.0.11.RELEASE.jar:/Users/abhishek/.m2/repository/org/bouncycastle/bcpkix-jdk15on/1.69/bcpkix-jdk15on-1.69.jar:/Users/abhishek/.m2/repository/org/bouncycastle/bcprov-jdk15on/1.69/bcprov-jdk15on-1.69.jar:/Users/abhishek/.m2/repository/org/bouncycastle/bcutil-jdk15on/1.69/bcutil-jdk15on-1.69.jar:/Users/abhishek/.m2/repository/org/eclipse/jgit/org.eclipse.jgit/5.13.1.202206130422-r/org.eclipse.jgit-5.13.1.202206130422-r.jar:/Users/abhishek/.m2/repository/com/googlecode/javaewah/JavaEWAH/1.1.13/JavaEWAH-1.1.13.jar:/Users/abhishek/.m2/repository/org/slf4j/slf4j-api/1.7.36/slf4j-api-1.7.36.jar:/Users/abhishek/.m2/repository/org/eclipse/jgit/org.eclipse.jgit.http.apache/5.13.1.202206130422-r/org.eclipse.jgit.http.apache-5.13.1.202206130422-r.jar:/Users/abhishek/.m2/repository/org/apache/httpcomponents/httpcore/4.4.16/httpcore-4.4.16.jar:/Users/abhishek/.m2/repository/org/eclipse/jgit/org.eclipse.jgit.ssh.apache/5.13.1.202206130422-r/org.eclipse.jgit.ssh.apache-5.13.1.202206130422-r.jar:/Users/abhishek/.m2/repository/org/apache/sshd/sshd-osgi/2.7.0/sshd-osgi-2.7.0.jar:/Users/abhishek/.m2/repository/org/slf4j/jcl-over-slf4j/1.7.36/jcl-over-slf4j-1.7.36.jar:/Users/abhishek/.m2/repository/org/apache/sshd/sshd-sftp/2.7.0/sshd-sftp-2.7.0.jar:/Users/abhishek/.m2/repository/org/apache/sshd/sshd-core/2.7.0/sshd-core-2.7.0.jar:/Users/abhishek/.m2/repository/org/apache/sshd/sshd-common/2.7.0/sshd-common-2.7.0.jar:/Users/abhishek/.m2/repository/net/i2p/crypto/eddsa/0.3.0/eddsa-0.3.0.jar:/Users/abhishek/.m2/repository/org/yaml/snakeyaml/1.30/snakeyaml-1.30.jar:/Users/abhishek/.m2/repository/com/fasterxml/jackson/dataformat/jackson-dataformat-yaml/2.13.5/jackson-dataformat-yaml-2.13.5.jar:/Users/abhishek/.m2/repository/com/fasterxml/jackson/core/jackson-core/2.13.5/jackson-core-2.13.5.jar:/Users/abhishek/.m2/repository/org/springframework/boot/spring-boot-starter-test/2.7.9/spring-boot-starter-test-2.7.9.jar:/Users/abhishek/.m2/repository/org/springframework/boot/spring-boot-test/2.7.9/spring-boot-test-2.7.9.jar:/Users/abhishek/.m2/repository/org/springframework/boot/spring-boot-test-autoconfigure/2.7.9/spring-boot-test-autoconfigure-2.7.9.jar:/Users/abhishek/.m2/repository/com/jayway/jsonpath/json-path/2.7.0/json-path-2.7.0.jar:/Users/abhishek/.m2/repository/net/minidev/json-smart/2.4.8/json-smart-2.4.8.jar:/Users/abhishek/.m2/repository/net/minidev/accessors-smart/2.4.8/accessors-smart-2.4.8.jar:/Users/abhishek/.m2/repository/org/ow2/asm/asm/9.1/asm-9.1.jar:/Users/abhishek/.m2/repository/jakarta/xml/bind/jakarta.xml.bind-api/2.3.3/jakarta.xml.bind-api-2.3.3.jar:/Users/abhishek/.m2/repository/jakarta/activation/jakarta.activation-api/1.2.2/jakarta.activation-api-1.2.2.jar:/Users/abhishek/.m2/repository/org/assertj/assertj-core/3.22.0/assertj-core-3.22.0.jar:/Users/abhishek/.m2/repository/org/hamcrest/hamcrest/2.2/hamcrest-2.2.jar:/Users/abhishek/.m2/repository/org/junit/jupiter/junit-jupiter/5.8.2/junit-jupiter-5.8.2.jar:/Users/abhishek/.m2/repository/org/junit/jupiter/junit-jupiter-api/5.8.2/junit-jupiter-api-5.8.2.jar:/Users/abhishek/.m2/repository/org/opentest4j/opentest4j/1.2.0/opentest4j-1.2.0.jar:/Users/abhishek/.m2/repository/org/junit/platform/junit-platform-commons/1.8.2/junit-platform-commons-1.8.2.jar:/Users/abhishek/.m2/repository/org/apiguardian/apiguardian-api/1.1.2/apiguardian-api-1.1.2.jar:/Users/abhishek/.m2/repository/org/junit/jupiter/junit-jupiter-params/5.8.2/junit-jupiter-params-5.8.2.jar:/Users/abhishek/.m2/repository/org/junit/jupiter/junit-jupiter-engine/5.8.2/junit-jupiter-engine-5.8.2.jar:/Users/abhishek/.m2/repository/org/junit/platform/junit-platform-engine/1.8.2/junit-platform-engine-1.8.2.jar:/Users/abhishek/.m2/repository/org/mockito/mockito-core/4.5.1/mockito-core-4.5.1.jar:/Users/abhishek/.m2/repository/net/bytebuddy/byte-buddy/1.12.23/byte-buddy-1.12.23.jar:/Users/abhishek/.m2/repository/net/bytebuddy/byte-buddy-agent/1.12.23/byte-buddy-agent-1.12.23.jar:/Users/abhishek/.m2/repository/org/objenesis/objenesis/3.2/objenesis-3.2.jar:/Users/abhishek/.m2/repository/org/mockito/mockito-junit-jupiter/4.5.1/mockito-junit-jupiter-4.5.1.jar:/Users/abhishek/.m2/repository/org/skyscreamer/jsonassert/1.5.1/jsonassert-1.5.1.jar:/Users/abhishek/.m2/repository/com/vaadin/external/google/android-json/0.0.20131108.vaadin1/android-json-0.0.20131108.vaadin1.jar:/Users/abhishek/.m2/repository/org/springframework/spring-core/5.3.25/spring-core-5.3.25.jar:/Users/abhishek/.m2/repository/org/springframework/spring-jcl/5.3.25/spring-jcl-5.3.25.jar:/Users/abhishek/.m2/repository/org/springframework/spring-test/5.3.25/spring-test-5.3.25.jar:/Users/abhishek/.m2/repository/org/xmlunit/xmlunit-core/2.9.1/xmlunit-core-2.9.1.jar:"/>
    <property name="sun.cpu.endian" value="little"/>
    <property name="user.home" value="/Users/abhishek"/>
    <property name="user.language" value="en"/>
    <property name="java.specification.vendor" value="Oracle Corporation"/>
    <property name="java.version.date" value="2023-01-17"/>
    <property name="java.home" value="/Users/abhishek/.p2/pool/plugins/org.eclipse.justj.openjdk.hotspot.jre.full.macosx.x86_64_17.0.6.v20230204-1729/jre"/>
    <property name="file.separator" value="/"/>
    <property name="style.color" value="always"/>
    <property name="basedir" value="/Users/abhishek/Downloads/configserver"/>
    <property name="java.vm.compressedOopsMode" value="Zero based"/>
    <property name="line.separator" value="&#10;"/>
    <property name="java.vm.specification.vendor" value="Oracle Corporation"/>
    <property name="java.specification.name" value="Java Platform API Specification"/>
    <property name="surefire.real.class.path" value="/Users/abhishek/Downloads/configserver/target/surefire/surefirebooter8056701400879767225.jar"/>
    <property name="sun.management.compiler" value="HotSpot 64-Bit Tiered Compilers"/>
    <property name="ftp.nonProxyHosts" value="local|*.local|169.254/16|*.169.254/16"/>
    <property name="java.runtime.version" value="17.0.6+10"/>
    <property name="user.name" value="abhishek"/>
    <property name="path.separator" value=":"/>
    <property name="os.version" value="13.2.1"/>
    <property name="java.runtime.name" value="OpenJDK Runtime Environment"/>
    <property name="file.encoding" value="UTF-8"/>
    <property name="java.vm.name" value="OpenJDK 64-Bit Server VM"/>
    <property name="java.vendor.version" value="Temurin-17.0.6+10"/>
    <property name="localRepository" value="/Users/abhishek/.m2/repository"/>
    <property name="java.vendor.url.bug" value="https://github.com/adoptium/adoptium-support/issues"/>
    <property name="java.io.tmpdir" value="/var/folders/2c/5t935x_s1wn5c7dyxmmxnpxw0000gn/T/"/>
    <property name="java.version" value="17.0.6"/>
    <property name="user.dir" value="/Users/abhishek/Downloads/configserver"/>
    <property name="os.arch" value="x86_64"/>
    <property name="java.vm.specification.name" value="Java Virtual Machine Specification"/>
    <property name="native.encoding" value="UTF-8"/>
    <property name="java.library.path" value="/Users/abhishek/Library/Java/Extensions:/Library/Java/Extensions:/Network/Library/Java/Extensions:/System/Library/Java/Extensions:/usr/lib/java:."/>
    <property name="java.vm.info" value="mixed mode"/>
    <property name="java.vendor" value="Eclipse Adoptium"/>
    <property name="java.vm.version" value="17.0.6+10"/>
    <property name="sun.io.unicode.encoding" value="UnicodeBig"/>
    <property name="socksNonProxyHosts" value="local|*.local|169.254/16|*.169.254/16"/>
    <property name="java.class.version" value="61.0"/>
  </properties>
  <testcase name="contextLoads" classname="in.bank.configserver.ConfigserverApplicationTests" time="0.371"/>
</testsuite>